<?xml version="1.0" encoding="UTF-8"?>
<testsuite name="com.example.demo.entity.UserAccountTest" tests="3" skipped="0" failures="0" errors="0" timestamp="2020-01-14T14:38:56" hostname="ryunosuke-Aspire-E5-576" time="0.29">
  <properties/>
  <testcase name="TestUserNameIsNull()" classname="com.example.demo.entity.UserAccountTest" time="0.275"/>
  <testcase name="TestUserNameIsDefault()" classname="com.example.demo.entity.UserAccountTest" time="0.005"/>
  <testcase name="TestUserNameIsEmpty()" classname="com.example.demo.entity.UserAccountTest" time="0.006"/>
  <system-out><![CDATA[23:38:44.633 [Test worker] DEBUG org.springframework.test.context.BootstrapUtils - Instantiating CacheAwareContextLoaderDelegate from class [org.springframework.test.context.cache.DefaultCacheAwareContextLoaderDelegate]
23:38:44.661 [Test worker] DEBUG org.springframework.test.context.BootstrapUtils - Instantiating BootstrapContext using constructor [public org.springframework.test.context.support.DefaultBootstrapContext(java.lang.Class,org.springframework.test.context.CacheAwareContextLoaderDelegate)]
23:38:44.718 [Test worker] DEBUG org.springframework.test.context.BootstrapUtils - Instantiating TestContextBootstrapper for test class [com.example.demo.entity.UserAccountTest] from class [org.springframework.boot.test.context.SpringBootTestContextBootstrapper]
23:38:44.743 [Test worker] INFO org.springframework.boot.test.context.SpringBootTestContextBootstrapper - Neither @ContextConfiguration nor @ContextHierarchy found for test class [com.example.demo.entity.UserAccountTest], using SpringBootContextLoader
23:38:44.752 [Test worker] DEBUG org.springframework.test.context.support.AbstractContextLoader - Did not detect default resource location for test class [com.example.demo.entity.UserAccountTest]: class path resource [com/example/demo/entity/UserAccountTest-context.xml] does not exist
23:38:44.754 [Test worker] DEBUG org.springframework.test.context.support.AbstractContextLoader - Did not detect default resource location for test class [com.example.demo.entity.UserAccountTest]: class path resource [com/example/demo/entity/UserAccountTestContext.groovy] does not exist
23:38:44.755 [Test worker] INFO org.springframework.test.context.support.AbstractContextLoader - Could not detect default resource locations for test class [com.example.demo.entity.UserAccountTest]: no resource found for suffixes {-context.xml, Context.groovy}.
23:38:44.757 [Test worker] INFO org.springframework.test.context.support.AnnotationConfigContextLoaderUtils - Could not detect default configuration classes for test class [com.example.demo.entity.UserAccountTest]: UserAccountTest does not declare any static, non-private, non-final, nested classes annotated with @Configuration.
23:38:44.839 [Test worker] DEBUG org.springframework.test.context.support.ActiveProfilesUtils - Could not find an 'annotation declaring class' for annotation type [org.springframework.test.context.ActiveProfiles] and class [com.example.demo.entity.UserAccountTest]
23:38:44.967 [Test worker] DEBUG org.springframework.context.annotation.ClassPathScanningCandidateComponentProvider - Identified candidate component class: file [/home/ryunosuke/document/Portfolio/DemoBBS/demo/build/classes/java/main/com/example/demo/DemoApplication.class]
23:38:44.969 [Test worker] INFO org.springframework.boot.test.context.SpringBootTestContextBootstrapper - Found @SpringBootConfiguration com.example.demo.DemoApplication for test class com.example.demo.entity.UserAccountTest
23:38:45.167 [Test worker] DEBUG org.springframework.boot.test.context.SpringBootTestContextBootstrapper - @TestExecutionListeners is not present for class [com.example.demo.entity.UserAccountTest]: using defaults.
23:38:45.169 [Test worker] INFO org.springframework.boot.test.context.SpringBootTestContextBootstrapper - Loaded default TestExecutionListener class names from location [META-INF/spring.factories]: [org.springframework.security.test.context.support.WithSecurityContextTestExecutionListener, org.springframework.security.test.context.support.ReactorContextTestExecutionListener, org.springframework.boot.test.autoconfigure.restdocs.RestDocsTestExecutionListener, org.springframework.boot.test.autoconfigure.web.client.MockRestServiceServerResetTestExecutionListener, org.springframework.boot.test.autoconfigure.web.servlet.MockMvcPrintOnlyOnFailureTestExecutionListener, org.springframework.boot.test.autoconfigure.web.servlet.WebDriverTestExecutionListener, org.springframework.boot.test.mock.mockito.MockitoTestExecutionListener, org.springframework.boot.test.mock.mockito.ResetMocksTestExecutionListener, org.springframework.test.context.web.ServletTestExecutionListener, org.springframework.test.context.support.DirtiesContextBeforeModesTestExecutionListener, org.springframework.test.context.support.DependencyInjectionTestExecutionListener, org.springframework.test.context.support.DirtiesContextTestExecutionListener, org.springframework.test.context.transaction.TransactionalTestExecutionListener, org.springframework.test.context.jdbc.SqlScriptsTestExecutionListener, org.springframework.test.context.event.EventPublishingTestExecutionListener]
23:38:45.204 [Test worker] INFO org.springframework.boot.test.context.SpringBootTestContextBootstrapper - Using TestExecutionListeners: [org.springframework.test.context.web.ServletTestExecutionListener@516c2459, org.springframework.test.context.support.DirtiesContextBeforeModesTestExecutionListener@22898009, org.springframework.boot.test.mock.mockito.MockitoTestExecutionListener@69d8529b, org.springframework.boot.test.autoconfigure.SpringBootDependencyInjectionTestExecutionListener@7cf00cde, org.springframework.test.context.support.DirtiesContextTestExecutionListener@4c8ea1f5, org.springframework.test.context.transaction.TransactionalTestExecutionListener@2269e9a5, org.springframework.test.context.jdbc.SqlScriptsTestExecutionListener@98e2bf9, org.springframework.security.test.context.support.WithSecurityContextTestExecutionListener@75e450ea, org.springframework.test.context.event.EventPublishingTestExecutionListener@4c5cd6aa, org.springframework.security.test.context.support.ReactorContextTestExecutionListener@21153a45, org.springframework.boot.test.autoconfigure.restdocs.RestDocsTestExecutionListener@593c0c7d, org.springframework.boot.test.autoconfigure.web.client.MockRestServiceServerResetTestExecutionListener@e0874b0, org.springframework.boot.test.autoconfigure.web.servlet.MockMvcPrintOnlyOnFailureTestExecutionListener@244b0a5d, org.springframework.boot.test.autoconfigure.web.servlet.WebDriverTestExecutionListener@2c04db83, org.springframework.boot.test.mock.mockito.ResetMocksTestExecutionListener@1562759a]
23:38:45.212 [Test worker] DEBUG org.springframework.test.context.support.AbstractDirtiesContextTestExecutionListener - Before test class: context [DefaultTestContext@526702f1 testClass = UserAccountTest, testInstance = [null], testMethod = [null], testException = [null], mergedContextConfiguration = [WebMergedContextConfiguration@111fdbab testClass = UserAccountTest, locations = '{}', classes = '{class com.example.demo.DemoApplication}', contextInitializerClasses = '[]', activeProfiles = '{}', propertySourceLocations = '{}', propertySourceProperties = '{org.springframework.boot.test.context.SpringBootTestContextBootstrapper=true}', contextCustomizers = set[org.springframework.boot.test.autoconfigure.properties.PropertyMappingContextCustomizer@0, org.springframework.boot.test.autoconfigure.web.servlet.WebDriverContextCustomizerFactory$Customizer@3338f2c, org.springframework.boot.test.context.filter.ExcludeFilterContextCustomizer@34e89f70, org.springframework.boot.test.json.DuplicateJsonObjectContextCustomizerFactory$DuplicateJsonObjectContextCustomizer@1e8def53, org.springframework.boot.test.mock.mockito.MockitoContextCustomizer@0, org.springframework.boot.test.web.client.TestRestTemplateContextCustomizer@3e713f38], resourceBasePath = 'src/main/webapp', contextLoader = 'org.springframework.boot.test.context.SpringBootContextLoader', parent = [null]], attributes = map['org.springframework.test.context.web.ServletTestExecutionListener.activateListener' -> true]], class annotated with @DirtiesContext [false] with mode [null].
23:38:45.266 [Test worker] DEBUG org.springframework.test.context.support.TestPropertySourceUtils - Adding inlined properties to environment: {spring.jmx.enabled=false, org.springframework.boot.test.context.SpringBootTestContextBootstrapper=true, server.port=-1}

  .   ____          _            __ _ _
 /\\ / ___'_ __ _ _(_)_ __  __ _ \ \ \ \
( ( )\___ | '_ | '_| | '_ \/ _` | \ \ \ \
 \\/  ___)| |_)| | | | | || (_| |  ) ) ) )
  '  |____| .__|_| |_|_| |_\__, | / / / /
 =========|_|==============|___/=/_/_/_/
 :: Spring Boot ::        (v2.2.1.RELEASE)

2020-01-14 23:38:46.182  INFO 4885 --- [    Test worker] com.example.demo.entity.UserAccountTest  : Starting UserAccountTest on ryunosuke-Aspire-E5-576 with PID 4885 (started by ryunosuke in /home/ryunosuke/document/Portfolio/DemoBBS/demo)
2020-01-14 23:38:46.185  INFO 4885 --- [    Test worker] com.example.demo.entity.UserAccountTest  : No active profile set, falling back to default profiles: default
2020-01-14 23:38:48.530  INFO 4885 --- [    Test worker] .s.d.r.c.RepositoryConfigurationDelegate : Multiple Spring Data modules found, entering strict repository configuration mode!
2020-01-14 23:38:48.533  INFO 4885 --- [    Test worker] .s.d.r.c.RepositoryConfigurationDelegate : Bootstrapping Spring Data repositories in DEFAULT mode.
2020-01-14 23:38:48.633  INFO 4885 --- [    Test worker] .RepositoryConfigurationExtensionSupport : Spring Data JDBC - Could not safely identify store assignment for repository candidate interface com.example.demo.repository.ResponseRepository. If you want this repository to be a JDBC repository, consider annotating your entities with one of these annotations: org.springframework.data.relational.core.mapping.Table.
2020-01-14 23:38:48.636  INFO 4885 --- [    Test worker] .RepositoryConfigurationExtensionSupport : Spring Data JDBC - Could not safely identify store assignment for repository candidate interface com.example.demo.repository.ThreadRepository. If you want this repository to be a JDBC repository, consider annotating your entities with one of these annotations: org.springframework.data.relational.core.mapping.Table.
2020-01-14 23:38:48.642  INFO 4885 --- [    Test worker] .RepositoryConfigurationExtensionSupport : Spring Data JDBC - Could not safely identify store assignment for repository candidate interface com.example.demo.repository.UserAccountRepository. If you want this repository to be a JDBC repository, consider annotating your entities with one of these annotations: org.springframework.data.relational.core.mapping.Table.
2020-01-14 23:38:48.643  INFO 4885 --- [    Test worker] .s.d.r.c.RepositoryConfigurationDelegate : Finished Spring Data repository scanning in 97ms. Found 0 repository interfaces.
2020-01-14 23:38:48.667  INFO 4885 --- [    Test worker] .s.d.r.c.RepositoryConfigurationDelegate : Multiple Spring Data modules found, entering strict repository configuration mode!
2020-01-14 23:38:48.669  INFO 4885 --- [    Test worker] .s.d.r.c.RepositoryConfigurationDelegate : Bootstrapping Spring Data repositories in DEFAULT mode.
2020-01-14 23:38:48.749  INFO 4885 --- [    Test worker] .s.d.r.c.RepositoryConfigurationDelegate : Finished Spring Data repository scanning in 70ms. Found 3 repository interfaces.
2020-01-14 23:38:49.713  INFO 4885 --- [    Test worker] trationDelegate$BeanPostProcessorChecker : Bean 'org.springframework.transaction.annotation.ProxyTransactionManagementConfiguration' of type [org.springframework.transaction.annotation.ProxyTransactionManagementConfiguration] is not eligible for getting processed by all BeanPostProcessors (for example: not eligible for auto-proxying)
2020-01-14 23:38:50.315  INFO 4885 --- [    Test worker] o.hibernate.jpa.internal.util.LogHelper  : HHH000204: Processing PersistenceUnitInfo [name: default]
2020-01-14 23:38:50.445  INFO 4885 --- [    Test worker] org.hibernate.Version                    : HHH000412: Hibernate Core {5.4.9.Final}
2020-01-14 23:38:50.794  INFO 4885 --- [    Test worker] o.hibernate.annotations.common.Version   : HCANN000001: Hibernate Commons Annotations {5.1.0.Final}
2020-01-14 23:38:51.049  INFO 4885 --- [    Test worker] com.zaxxer.hikari.HikariDataSource       : HikariPool-1 - Starting...
2020-01-14 23:38:51.960  INFO 4885 --- [    Test worker] com.zaxxer.hikari.HikariDataSource       : HikariPool-1 - Start completed.
2020-01-14 23:38:51.981  INFO 4885 --- [    Test worker] org.hibernate.dialect.Dialect            : HHH000400: Using dialect: org.hibernate.dialect.MySQL5Dialect
2020-01-14 23:38:53.083  INFO 4885 --- [    Test worker] o.h.e.t.j.p.i.JtaPlatformInitiator       : HHH000490: Using JtaPlatform implementation: [org.hibernate.engine.transaction.jta.platform.internal.NoJtaPlatform]
2020-01-14 23:38:53.094  INFO 4885 --- [    Test worker] j.LocalContainerEntityManagerFactoryBean : Initialized JPA EntityManagerFactory for persistence unit 'default'
2020-01-14 23:38:53.766  WARN 4885 --- [    Test worker] JpaBaseConfiguration$JpaWebConfiguration : spring.jpa.open-in-view is enabled by default. Therefore, database queries may be performed during view rendering. Explicitly configure spring.jpa.open-in-view to disable this warning
2020-01-14 23:38:54.564  INFO 4885 --- [    Test worker] o.s.s.web.DefaultSecurityFilterChain     : Creating filter chain: Ant [pattern='/css/**'], []
2020-01-14 23:38:54.565  INFO 4885 --- [    Test worker] o.s.s.web.DefaultSecurityFilterChain     : Creating filter chain: Ant [pattern='/js/**'], []
2020-01-14 23:38:54.698  INFO 4885 --- [    Test worker] o.s.s.web.DefaultSecurityFilterChain     : Creating filter chain: any request, [org.springframework.security.web.context.request.async.WebAsyncManagerIntegrationFilter@213fe4ab, org.springframework.security.web.context.SecurityContextPersistenceFilter@504a3c81, org.springframework.security.web.header.HeaderWriterFilter@6756ded4, org.springframework.security.web.authentication.logout.LogoutFilter@642f6a3f, org.springframework.security.web.authentication.UsernamePasswordAuthenticationFilter@1fc7a7d2, org.springframework.security.web.savedrequest.RequestCacheAwareFilter@41f9d5a1, org.springframework.security.web.servletapi.SecurityContextHolderAwareRequestFilter@1feccea7, org.springframework.security.web.authentication.AnonymousAuthenticationFilter@5381d4e1, org.springframework.security.web.session.SessionManagementFilter@3a010553, org.springframework.security.web.access.ExceptionTranslationFilter@469d7fce, org.springframework.security.web.access.intercept.FilterSecurityInterceptor@645e6c22]
2020-01-14 23:38:55.324  INFO 4885 --- [    Test worker] o.s.s.concurrent.ThreadPoolTaskExecutor  : Initializing ExecutorService 'applicationTaskExecutor'
2020-01-14 23:38:55.645  INFO 4885 --- [    Test worker] o.s.b.a.w.s.WelcomePageHandlerMapping    : Adding welcome page template: index
2020-01-14 23:38:56.764  INFO 4885 --- [    Test worker] o.s.b.a.e.web.EndpointLinksResolver      : Exposing 2 endpoint(s) beneath base path '/actuator'
2020-01-14 23:38:56.864  INFO 4885 --- [    Test worker] com.example.demo.entity.UserAccountTest  : Started UserAccountTest in 11.585 seconds (JVM running for 13.818)
]]></system-out>
  <system-err><![CDATA[]]></system-err>
</testsuite>
