<?xml version="1.0" encoding="UTF-8"?>
<testsuite name="com.example.demo.DemoApplicationTests" tests="1" skipped="0" failures="0" errors="0" timestamp="2020-01-14T15:36:11" hostname="ryunosuke-Aspire-E5-576" time="0.004">
  <properties/>
  <testcase name="contextLoads()" classname="com.example.demo.DemoApplicationTests" time="0.004"/>
  <system-out><![CDATA[2020-01-15 00:36:11.593  INFO 9712 --- [    Test worker] .b.t.c.SpringBootTestContextBootstrapper : Neither @ContextConfiguration nor @ContextHierarchy found for test class [com.example.demo.DemoApplicationTests], using SpringBootContextLoader
2020-01-15 00:36:11.595  INFO 9712 --- [    Test worker] o.s.t.c.support.AbstractContextLoader    : Could not detect default resource locations for test class [com.example.demo.DemoApplicationTests]: no resource found for suffixes {-context.xml, Context.groovy}.
2020-01-15 00:36:11.595  INFO 9712 --- [    Test worker] t.c.s.AnnotationConfigContextLoaderUtils : Could not detect default configuration classes for test class [com.example.demo.DemoApplicationTests]: DemoApplicationTests does not declare any static, non-private, non-final, nested classes annotated with @Configuration.
2020-01-15 00:36:11.599  INFO 9712 --- [    Test worker] .b.t.c.SpringBootTestContextBootstrapper : Found @SpringBootConfiguration com.example.demo.DemoApplication for test class com.example.demo.DemoApplicationTests
2020-01-15 00:36:11.601  INFO 9712 --- [    Test worker] .b.t.c.SpringBootTestContextBootstrapper : Loaded default TestExecutionListener class names from location [META-INF/spring.factories]: [org.springframework.security.test.context.support.WithSecurityContextTestExecutionListener, org.springframework.security.test.context.support.ReactorContextTestExecutionListener, org.springframework.boot.test.autoconfigure.restdocs.RestDocsTestExecutionListener, org.springframework.boot.test.autoconfigure.web.client.MockRestServiceServerResetTestExecutionListener, org.springframework.boot.test.autoconfigure.web.servlet.MockMvcPrintOnlyOnFailureTestExecutionListener, org.springframework.boot.test.autoconfigure.web.servlet.WebDriverTestExecutionListener, org.springframework.boot.test.mock.mockito.MockitoTestExecutionListener, org.springframework.boot.test.mock.mockito.ResetMocksTestExecutionListener, org.springframework.test.context.web.ServletTestExecutionListener, org.springframework.test.context.support.DirtiesContextBeforeModesTestExecutionListener, org.springframework.test.context.support.DependencyInjectionTestExecutionListener, org.springframework.test.context.support.DirtiesContextTestExecutionListener, org.springframework.test.context.transaction.TransactionalTestExecutionListener, org.springframework.test.context.jdbc.SqlScriptsTestExecutionListener, org.springframework.test.context.event.EventPublishingTestExecutionListener]
2020-01-15 00:36:11.603  INFO 9712 --- [    Test worker] .b.t.c.SpringBootTestContextBootstrapper : Using TestExecutionListeners: [org.springframework.test.context.web.ServletTestExecutionListener@2cdbe368, org.springframework.test.context.support.DirtiesContextBeforeModesTestExecutionListener@fd0e280, org.springframework.boot.test.mock.mockito.MockitoTestExecutionListener@1ff2f337, org.springframework.boot.test.autoconfigure.SpringBootDependencyInjectionTestExecutionListener@6a99c06b, org.springframework.test.context.support.DirtiesContextTestExecutionListener@192aaef3, org.springframework.test.context.transaction.TransactionalTestExecutionListener@11e68bb4, org.springframework.test.context.jdbc.SqlScriptsTestExecutionListener@1905a9f4, org.springframework.security.test.context.support.WithSecurityContextTestExecutionListener@3d3bb827, org.springframework.test.context.event.EventPublishingTestExecutionListener@712ad445, org.springframework.security.test.context.support.ReactorContextTestExecutionListener@54b44aff, org.springframework.boot.test.autoconfigure.restdocs.RestDocsTestExecutionListener@604a0394, org.springframework.boot.test.autoconfigure.web.client.MockRestServiceServerResetTestExecutionListener@50653a, org.springframework.boot.test.autoconfigure.web.servlet.MockMvcPrintOnlyOnFailureTestExecutionListener@27ff1189, org.springframework.boot.test.autoconfigure.web.servlet.WebDriverTestExecutionListener@51ea443b, org.springframework.boot.test.mock.mockito.ResetMocksTestExecutionListener@610cab31]
]]></system-out>
  <system-err><![CDATA[]]></system-err>
</testsuite>
