<?xml version="1.0" encoding="UTF-8"?>
<testsuite name="com.example.demo.DemoApplicationTests" tests="1" skipped="0" failures="0" errors="0" timestamp="2020-01-14T14:38:57" hostname="ryunosuke-Aspire-E5-576" time="0.005">
  <properties/>
  <testcase name="contextLoads()" classname="com.example.demo.DemoApplicationTests" time="0.005"/>
  <system-out><![CDATA[2020-01-14 23:38:57.243  INFO 4885 --- [    Test worker] .b.t.c.SpringBootTestContextBootstrapper : Neither @ContextConfiguration nor @ContextHierarchy found for test class [com.example.demo.DemoApplicationTests], using SpringBootContextLoader
2020-01-14 23:38:57.245  INFO 4885 --- [    Test worker] o.s.t.c.support.AbstractContextLoader    : Could not detect default resource locations for test class [com.example.demo.DemoApplicationTests]: no resource found for suffixes {-context.xml, Context.groovy}.
2020-01-14 23:38:57.246  INFO 4885 --- [    Test worker] t.c.s.AnnotationConfigContextLoaderUtils : Could not detect default configuration classes for test class [com.example.demo.DemoApplicationTests]: DemoApplicationTests does not declare any static, non-private, non-final, nested classes annotated with @Configuration.
2020-01-14 23:38:57.252  INFO 4885 --- [    Test worker] .b.t.c.SpringBootTestContextBootstrapper : Found @SpringBootConfiguration com.example.demo.DemoApplication for test class com.example.demo.DemoApplicationTests
2020-01-14 23:38:57.255  INFO 4885 --- [    Test worker] .b.t.c.SpringBootTestContextBootstrapper : Loaded default TestExecutionListener class names from location [META-INF/spring.factories]: [org.springframework.security.test.context.support.WithSecurityContextTestExecutionListener, org.springframework.security.test.context.support.ReactorContextTestExecutionListener, org.springframework.boot.test.autoconfigure.restdocs.RestDocsTestExecutionListener, org.springframework.boot.test.autoconfigure.web.client.MockRestServiceServerResetTestExecutionListener, org.springframework.boot.test.autoconfigure.web.servlet.MockMvcPrintOnlyOnFailureTestExecutionListener, org.springframework.boot.test.autoconfigure.web.servlet.WebDriverTestExecutionListener, org.springframework.boot.test.mock.mockito.MockitoTestExecutionListener, org.springframework.boot.test.mock.mockito.ResetMocksTestExecutionListener, org.springframework.test.context.web.ServletTestExecutionListener, org.springframework.test.context.support.DirtiesContextBeforeModesTestExecutionListener, org.springframework.test.context.support.DependencyInjectionTestExecutionListener, org.springframework.test.context.support.DirtiesContextTestExecutionListener, org.springframework.test.context.transaction.TransactionalTestExecutionListener, org.springframework.test.context.jdbc.SqlScriptsTestExecutionListener, org.springframework.test.context.event.EventPublishingTestExecutionListener]
2020-01-14 23:38:57.257  INFO 4885 --- [    Test worker] .b.t.c.SpringBootTestContextBootstrapper : Using TestExecutionListeners: [org.springframework.test.context.web.ServletTestExecutionListener@26cf882, org.springframework.test.context.support.DirtiesContextBeforeModesTestExecutionListener@325d9fb8, org.springframework.boot.test.mock.mockito.MockitoTestExecutionListener@5e6e79af, org.springframework.boot.test.autoconfigure.SpringBootDependencyInjectionTestExecutionListener@1b754bc6, org.springframework.test.context.support.DirtiesContextTestExecutionListener@7eb808c2, org.springframework.test.context.transaction.TransactionalTestExecutionListener@20c6f8f2, org.springframework.test.context.jdbc.SqlScriptsTestExecutionListener@dc84e44, org.springframework.security.test.context.support.WithSecurityContextTestExecutionListener@3c521f40, org.springframework.test.context.event.EventPublishingTestExecutionListener@212ee10, org.springframework.security.test.context.support.ReactorContextTestExecutionListener@158487c8, org.springframework.boot.test.autoconfigure.restdocs.RestDocsTestExecutionListener@5a714152, org.springframework.boot.test.autoconfigure.web.client.MockRestServiceServerResetTestExecutionListener@76f5ed43, org.springframework.boot.test.autoconfigure.web.servlet.MockMvcPrintOnlyOnFailureTestExecutionListener@6302ffe3, org.springframework.boot.test.autoconfigure.web.servlet.WebDriverTestExecutionListener@52098e8c, org.springframework.boot.test.mock.mockito.ResetMocksTestExecutionListener@2223e4e]
]]></system-out>
  <system-err><![CDATA[]]></system-err>
</testsuite>
